\BOOKMARK [1][-]{section.1}{Prelude\040&\040On\040Immutability}{}% 1
\BOOKMARK [2][-]{subsection.1.1}{Implicit\040copy}{section.1}% 2
\BOOKMARK [2][-]{subsection.1.2}{Total\040control\040over\040internal\040state}{section.1}% 3
\BOOKMARK [2][-]{subsection.1.3}{Implicit\040thread-safety\040&\040atomicity}{section.1}% 4
\BOOKMARK [2][-]{subsection.1.4}{Implicit,\040efficient\040history}{section.1}% 5
\BOOKMARK [2][-]{subsection.1.5}{Using\040the\040value\040abstraction\040for\040collections}{section.1}% 6
\BOOKMARK [1][-]{section.2}{The\040Collections}{}% 7
\BOOKMARK [2][-]{subsection.2.1}{Flexible\040List}{section.2}% 8
\BOOKMARK [2][-]{subsection.2.2}{Vector}{section.2}% 9
\BOOKMARK [1][-]{section.3}{Library\040Features}{}% 10
\BOOKMARK [2][-]{subsection.3.1}{Implicit\040optimization}{section.3}% 11
\BOOKMARK [2][-]{subsection.3.2}{Permissive\040license}{section.3}% 12
\BOOKMARK [2][-]{subsection.3.3}{Compatibility\040features}{section.3}% 13
\BOOKMARK [2][-]{subsection.3.4}{Negative\040indexing}{section.3}% 14
\BOOKMARK [2][-]{subsection.3.5}{Fast\040functional\040operations}{section.3}% 15
\BOOKMARK [2][-]{subsection.3.6}{Zero\040dependencies}{section.3}% 16
\BOOKMARK [2][-]{subsection.3.7}{Full\040documentation}{section.3}% 17
\BOOKMARK [2][-]{subsection.3.8}{Support\040for\040F#\040and\040C#}{section.3}% 18
\BOOKMARK [2][-]{subsection.3.9}{Exceptions}{section.3}% 19
\BOOKMARK [2][-]{subsection.3.10}{Naming\040convention}{section.3}% 20
\BOOKMARK [1][-]{section.4}{C#\040Interface}{}% 21
\BOOKMARK [2][-]{subsection.4.1}{Easy\040creation\040of\040collections}{section.4}% 22
\BOOKMARK [1][-]{section.5}{F#\040Interface}{}% 23
\BOOKMARK [2][-]{subsection.5.1}{Module\040interface}{section.5}% 24
\BOOKMARK [2][-]{subsection.5.2}{F#\040Overloads}{section.5}% 25
\BOOKMARK [2][-]{subsection.5.3}{Operators}{section.5}% 26
\BOOKMARK [2][-]{subsection.5.4}{Collection\040comprehensions}{section.5}% 27
\BOOKMARK [2][-]{subsection.5.5}{Active\040patterns}{section.5}% 28
\BOOKMARK [1][-]{section.6}{How\040Specific\040Operations\040are\040Handled}{}% 29
\BOOKMARK [2][-]{subsection.6.1}{Addition\040to\040the\040beginning}{section.6}% 30
\BOOKMARK [2][-]{subsection.6.2}{Insertion}{section.6}% 31
\BOOKMARK [2][-]{subsection.6.3}{Removal}{section.6}% 32
\BOOKMARK [2][-]{subsection.6.4}{Empty\040collections}{section.6}% 33
\BOOKMARK [1][-]{section.7}{Not\040Done\040Yet}{}% 34
